========================================
    💾 OpenClaw 完整备份
    20260218 030002
========================================

📦 开始备份...

📦 压缩备份...

========================================
    ✅ 完整备份完成
========================================

📦 文件: /root/.openclaw/backups/full-20260218-030002.tar.gz
📊 大小: 173M
📁 数量: 556

🧹 清理旧备份 (30天)...
✅ 完成！
========================================
    💾 OpenClaw 完整备份
    20260219 030001
========================================

📦 开始备份...

📦 压缩备份...

========================================
    ✅ 完整备份完成
========================================

📦 文件: /root/.openclaw/backups/full-20260219-030001.tar.gz
📊 大小: 174M
📁 数量: 894

🧹 清理旧备份 (30天)...
✅ 完成！
========================================
    💾 OpenClaw 完整备份
    20260220 030001
========================================

📦 开始备份...

📦 压缩备份...

========================================
    ✅ 完整备份完成
========================================

📦 文件: /root/.openclaw/backups/full-20260220-030001.tar.gz
📊 大小: 174M
📁 数量: 909

🧹 清理旧备份 (30天)...
✅ 完成！
========================================
    💾 OpenClaw 完整备份
    20260221 030001
========================================

📦 开始备份...

📦 压缩备份...

========================================
    ✅ 完整备份完成
========================================

📦 文件: /root/.openclaw/backups/full-20260221-030001.tar.gz
📊 大小: 97M
📁 数量: 908

🧹 清理旧备份 (30天)...
✅ 完成！
