╔════════════════════════════════════╗
║   OpenClaw 系统优化器 v1.0        ║
╚════════════════════════════════════╝

[0;32m[2026-02-13 04:00:02][0m 📊 系统状态报告

━━━━━━━━━━━━━━━━━━━━━━━━━━━━━━━━━
🖥️  系统信息
━━━━━━━━━━━━━━━━━━━━━━━━━━━━━━━━━
 04:00:02 up  1:51,  4 users,  load average: 0.27, 0.38, 0.28

💾 内存使用
Mem:           7.5Gi       1.3Gi       5.6Gi        11Mi       877Mi       6.2Gi
Swap:          8.0Gi          0B       8.0Gi

📦 磁盘使用
Filesystem      Size  Used Avail Use% Mounted on
/dev/vda1       120G   24G   97G  20% /

🌐 网络状态
━━━━━━━━━━━━━━━━━━━━━━━━━━━━━━━━━

[0;32m[2026-02-13 04:00:02][0m 🚀 优化系统性能...
[1;33m[WARNING][0m 无法修改swappiness
[0;32m[2026-02-13 04:00:02][0m ✅ 性能优化完成

[0;32m[2026-02-13 04:00:02][0m 📋 清理旧日志...
Total reclaimed space: 0B
[0;32m[2026-02-13 04:00:02][0m ✅ 日志清理完成（保留7天）

[0;32m[2026-02-13 04:00:02][0m 💾 清理旧备份...
-rw-r--r-- 1 root root  341 Feb 13 03:00 /root/.openclaw/workspace/logs/backup.log
-rw-r--r-- 1 root root   69 Feb 12 23:00 /root/.openclaw/workspace/logs/daily-summary.log
-rw-r--r-- 1 root root  52K Feb 13 04:00 /root/.openclaw/workspace/logs/heartbeat.log
-rw-r--r-- 1 root root  33K Feb 13 04:00 /root/.openclaw/workspace/logs/monitor.log
-rw-r--r-- 1 root root 1.4K Feb 13 04:00 /root/.openclaw/workspace/logs/optimizer.log
[0;32m[2026-02-13 04:00:02][0m ✅ 备份管理完成（保留30天）

[0;32m[2026-02-13 04:00:02][0m 🔍 系统健康检查...
[0;32m[2026-02-13 04:00:02][0m ✅ 磁盘使用率: 20%
[0;32m[2026-02-13 04:00:02][0m ✅ 内存使用率: 15%
[0;32m[2026-02-13 04:00:02][0m ✅ 系统负载: 0.28
[0;32m[2026-02-13 04:00:02][0m ✅ OpenClaw 运行中

[0;32m[2026-02-13 04:00:02][0m 🔄 检查更新...
[0;32m[2026-02-13 04:00:02][0m Node.js版本: 
[0;32m[2026-02-13 04:00:02][0m Python版本: Python 3.11.6
[0;32m[2026-02-13 04:00:02][0m ✅ 更新检查完成

╔════════════════════════════════════╗
║   ✅ 系统优化完成！               ║
╚════════════════════════════════════╝
╔════════════════════════════════════╗
║   OpenClaw 系统优化器 v1.0        ║
╚════════════════════════════════════╝

[0;32m[2026-02-18 04:00:01][0m 📊 系统状态报告

━━━━━━━━━━━━━━━━━━━━━━━━━━━━━━━━━
🖥️  系统信息
━━━━━━━━━━━━━━━━━━━━━━━━━━━━━━━━━
 04:00:01 up 18:42,  6 users,  load average: 0.17, 0.21, 0.19

💾 内存使用
Mem:           7.5Gi       1.7Gi       845Mi       3.4Mi       5.3Gi       5.8Gi
Swap:          8.0Gi       8.1Mi       8.0Gi

📦 磁盘使用
Filesystem      Size  Used Avail Use% Mounted on
/dev/vda1       120G   30G   91G  25% /

🌐 网络状态
━━━━━━━━━━━━━━━━━━━━━━━━━━━━━━━━━

[0;32m[2026-02-18 04:00:01][0m 🚀 优化系统性能...
[1;33m[WARNING][0m 无法修改swappiness
[0;32m[2026-02-18 04:00:03][0m ✅ 性能优化完成

[0;32m[2026-02-18 04:00:03][0m 📋 清理旧日志...
Total reclaimed space: 0B
[0;32m[2026-02-18 04:00:04][0m ✅ 日志清理完成（保留7天）

[0;32m[2026-02-18 04:00:04][0m 💾 清理旧备份...
-rw-r--r-- 1 root root 181K Feb 18 04:00 /root/.openclaw/workspace/logs/heartbeat-simple.log
-rw-r--r-- 1 root root 132K Feb 18 04:00 /root/.openclaw/workspace/logs/monitor.log
-rw-r--r-- 1 root root 4.0K Feb 18 04:00 /root/.openclaw/workspace/logs/optimizer.log
-rw-r--r-- 1 root root    0 Feb 17 15:00 /root/.openclaw/workspace/logs/task-queue.log
-rw-r--r-- 1 root root 1.7K Feb 18 04:00 /root/.openclaw/workspace/logs/xiaohongshu-keepalive.log
[0;32m[2026-02-18 04:00:09][0m ✅ 备份管理完成（保留30天）

[0;32m[2026-02-18 04:00:09][0m 🔍 系统健康检查...
[0;32m[2026-02-18 04:00:09][0m ✅ 磁盘使用率: 25%
[0;32m[2026-02-18 04:00:09][0m ✅ 内存使用率: 20%
[0;32m[2026-02-18 04:00:09][0m ✅ 系统负载: 0.24
[0;32m[2026-02-18 04:00:09][0m ✅ OpenClaw 运行中

[0;32m[2026-02-18 04:00:09][0m 🔄 检查更新...
[0;32m[2026-02-18 04:00:09][0m Node.js版本: 
[0;32m[2026-02-18 04:00:09][0m Python版本: Python 3.11.6
[0;32m[2026-02-18 04:00:09][0m ✅ 更新检查完成

╔════════════════════════════════════╗
║   ✅ 系统优化完成！               ║
╚════════════════════════════════════╝
╔════════════════════════════════════╗
║   OpenClaw 系统优化器 v1.0        ║
╚════════════════════════════════════╝

[0;32m[2026-02-19 04:00:01][0m 📊 系统状态报告

━━━━━━━━━━━━━━━━━━━━━━━━━━━━━━━━━
🖥️  系统信息
━━━━━━━━━━━━━━━━━━━━━━━━━━━━━━━━━
 04:00:01 up 1 day, 18:42,  9 users,  load average: 0.49, 0.30, 0.23

💾 内存使用
Mem:           7.5Gi       1.7Gi       3.2Gi       3.4Mi       2.9Gi       5.8Gi
Swap:          8.0Gi       8.1Mi       8.0Gi

📦 磁盘使用
Filesystem      Size  Used Avail Use% Mounted on
/dev/vda1       120G   31G   90G  26% /

🌐 网络状态
━━━━━━━━━━━━━━━━━━━━━━━━━━━━━━━━━

[0;32m[2026-02-19 04:00:01][0m 🚀 优化系统性能...
[1;33m[WARNING][0m 无法修改swappiness
[0;32m[2026-02-19 04:00:03][0m ✅ 性能优化完成

[0;32m[2026-02-19 04:00:03][0m 📋 清理旧日志...
Total reclaimed space: 0B
[0;32m[2026-02-19 04:00:03][0m ✅ 日志清理完成（保留7天）

[0;32m[2026-02-19 04:00:03][0m 💾 清理旧备份...
-rw-r--r-- 1 root root 327K Feb 19 04:00 /root/.openclaw/workspace/logs/heartbeat-simple.log
-rw-r--r-- 1 root root 192K Feb 19 04:00 /root/.openclaw/workspace/logs/monitor.log
-rw-r--r-- 1 root root 6.6K Feb 19 04:00 /root/.openclaw/workspace/logs/optimizer.log
-rw-r--r-- 1 root root    0 Feb 17 15:00 /root/.openclaw/workspace/logs/task-queue.log
-rw-r--r-- 1 root root 7.6K Feb 19 04:00 /root/.openclaw/workspace/logs/xiaohongshu-keepalive.log
[0;32m[2026-02-19 04:00:08][0m ✅ 备份管理完成（保留30天）

[0;32m[2026-02-19 04:00:08][0m 🔍 系统健康检查...
[0;32m[2026-02-19 04:00:08][0m ✅ 磁盘使用率: 26%
[0;32m[2026-02-19 04:00:08][0m ✅ 内存使用率: 17%
[0;32m[2026-02-19 04:00:08][0m ✅ 系统负载: 0.30
[0;32m[2026-02-19 04:00:08][0m ✅ OpenClaw 运行中

[0;32m[2026-02-19 04:00:08][0m 🔄 检查更新...
[0;32m[2026-02-19 04:00:08][0m Node.js版本: 
[0;32m[2026-02-19 04:00:08][0m Python版本: Python 3.11.6
[0;32m[2026-02-19 04:00:08][0m ✅ 更新检查完成

╔════════════════════════════════════╗
║   ✅ 系统优化完成！               ║
╚════════════════════════════════════╝
╔════════════════════════════════════╗
║   OpenClaw 系统优化器 v1.0        ║
╚════════════════════════════════════╝

[0;32m[2026-02-20 04:00:01][0m 📊 系统状态报告

━━━━━━━━━━━━━━━━━━━━━━━━━━━━━━━━━
🖥️  系统信息
━━━━━━━━━━━━━━━━━━━━━━━━━━━━━━━━━
 04:00:01 up 2 days, 18:42,  9 users,  load average: 0.33, 0.30, 0.27

💾 内存使用
Mem:           7.5Gi       1.6Gi       3.7Gi       3.4Mi       2.5Gi       5.9Gi
Swap:          8.0Gi       8.1Mi       8.0Gi

📦 磁盘使用
Filesystem      Size  Used Avail Use% Mounted on
/dev/vda1       120G   32G   89G  27% /

🌐 网络状态
━━━━━━━━━━━━━━━━━━━━━━━━━━━━━━━━━

[0;32m[2026-02-20 04:00:01][0m 🚀 优化系统性能...
[1;33m[WARNING][0m 无法修改swappiness
[0;32m[2026-02-20 04:00:02][0m ✅ 性能优化完成

[0;32m[2026-02-20 04:00:02][0m 📋 清理旧日志...
Total reclaimed space: 0B
[0;32m[2026-02-20 04:00:03][0m ✅ 日志清理完成（保留7天）

[0;32m[2026-02-20 04:00:03][0m 💾 清理旧备份...
-rw-r--r-- 1 root root 474K Feb 20 04:00 /root/.openclaw/workspace/logs/heartbeat-simple.log
-rw-r--r-- 1 root root 252K Feb 20 04:00 /root/.openclaw/workspace/logs/monitor.log
-rw-r--r-- 1 root root 9.2K Feb 20 04:00 /root/.openclaw/workspace/logs/optimizer.log
-rw-r--r-- 1 root root    0 Feb 17 15:00 /root/.openclaw/workspace/logs/task-queue.log
-rw-r--r-- 1 root root  14K Feb 20 04:00 /root/.openclaw/workspace/logs/xiaohongshu-keepalive.log
[0;32m[2026-02-20 04:00:09][0m ✅ 备份管理完成（保留30天）

[0;32m[2026-02-20 04:00:09][0m 🔍 系统健康检查...
[0;32m[2026-02-20 04:00:09][0m ✅ 磁盘使用率: 27%
[0;32m[2026-02-20 04:00:09][0m ✅ 内存使用率: 21%
[0;32m[2026-02-20 04:00:09][0m ✅ 系统负载: 0.31
[0;32m[2026-02-20 04:00:09][0m ✅ OpenClaw 运行中

[0;32m[2026-02-20 04:00:09][0m 🔄 检查更新...
[0;32m[2026-02-20 04:00:09][0m Node.js版本: 
[0;32m[2026-02-20 04:00:09][0m Python版本: Python 3.11.6
[0;32m[2026-02-20 04:00:09][0m ✅ 更新检查完成

╔════════════════════════════════════╗
║   ✅ 系统优化完成！               ║
╚════════════════════════════════════╝
╔════════════════════════════════════╗
║   OpenClaw 系统优化器 v1.0        ║
╚════════════════════════════════════╝

[0;32m[2026-02-21 04:00:01][0m 📊 系统状态报告

━━━━━━━━━━━━━━━━━━━━━━━━━━━━━━━━━
🖥️  系统信息
━━━━━━━━━━━━━━━━━━━━━━━━━━━━━━━━━
 04:00:01 up 3 days, 18:42,  7 users,  load average: 0.26, 0.30, 0.28

💾 内存使用
Mem:           7.5Gi       1.7Gi       2.5Gi       3.4Mi       3.6Gi       5.8Gi
Swap:          8.0Gi       8.1Mi       8.0Gi

📦 磁盘使用
Filesystem      Size  Used Avail Use% Mounted on
/dev/vda1       120G   34G   87G  28% /

🌐 网络状态
━━━━━━━━━━━━━━━━━━━━━━━━━━━━━━━━━

[0;32m[2026-02-21 04:00:01][0m 🚀 优化系统性能...
[1;33m[WARNING][0m 无法修改swappiness
[0;32m[2026-02-21 04:00:02][0m ✅ 性能优化完成

[0;32m[2026-02-21 04:00:02][0m 📋 清理旧日志...
Total reclaimed space: 0B
[0;32m[2026-02-21 04:00:03][0m ✅ 日志清理完成（保留7天）

[0;32m[2026-02-21 04:00:03][0m 💾 清理旧备份...
-rw-r--r-- 1 root root 621K Feb 21 04:00 /root/.openclaw/workspace/logs/heartbeat-simple.log
-rw-r--r-- 1 root root 312K Feb 21 04:00 /root/.openclaw/workspace/logs/monitor.log
-rw-r--r-- 1 root root  12K Feb 21 04:00 /root/.openclaw/workspace/logs/optimizer.log
-rw-r--r-- 1 root root    0 Feb 17 15:00 /root/.openclaw/workspace/logs/task-queue.log
-rw-r--r-- 1 root root  20K Feb 21 04:00 /root/.openclaw/workspace/logs/xiaohongshu-keepalive.log
[0;32m[2026-02-21 04:00:09][0m ✅ 备份管理完成（保留30天）

[0;32m[2026-02-21 04:00:09][0m 🔍 系统健康检查...
[0;32m[2026-02-21 04:00:09][0m ✅ 磁盘使用率: 28%
[0;32m[2026-02-21 04:00:09][0m ✅ 内存使用率: 21%
[0;32m[2026-02-21 04:00:09][0m ✅ 系统负载: 0.37
[0;32m[2026-02-21 04:00:09][0m ✅ OpenClaw 运行中

[0;32m[2026-02-21 04:00:09][0m 🔄 检查更新...
[0;32m[2026-02-21 04:00:09][0m Node.js版本: 
[0;32m[2026-02-21 04:00:09][0m Python版本: Python 3.11.6
[0;32m[2026-02-21 04:00:09][0m ✅ 更新检查完成

╔════════════════════════════════════╗
║   ✅ 系统优化完成！               ║
╚════════════════════════════════════╝
╔════════════════════════════════════╗
║   OpenClaw 系统优化器 v1.0        ║
╚════════════════════════════════════╝

[0;32m[2026-02-22 04:00:01][0m 📊 系统状态报告

━━━━━━━━━━━━━━━━━━━━━━━━━━━━━━━━━
🖥️  系统信息
━━━━━━━━━━━━━━━━━━━━━━━━━━━━━━━━━
 04:00:01 up 4 days, 18:42,  8 users,  load average: 0.55, 0.41, 0.43

💾 内存使用
Mem:           7.5Gi       2.9Gi       1.9Gi       3.4Mi       3.0Gi       4.6Gi
Swap:          8.0Gi       8.1Mi       8.0Gi

📦 磁盘使用
Filesystem      Size  Used Avail Use% Mounted on
/dev/vda1       120G   35G   86G  29% /

🌐 网络状态
━━━━━━━━━━━━━━━━━━━━━━━━━━━━━━━━━

[0;32m[2026-02-22 04:00:01][0m 🚀 优化系统性能...
[1;33m[WARNING][0m 无法修改swappiness
[0;32m[2026-02-22 04:00:02][0m ✅ 性能优化完成

[0;32m[2026-02-22 04:00:02][0m 📋 清理旧日志...
Total reclaimed space: 0B
[0;32m[2026-02-22 04:00:03][0m ✅ 日志清理完成（保留7天）

[0;32m[2026-02-22 04:00:03][0m 💾 清理旧备份...
-rw-r--r-- 1 root root 767K Feb 22 04:00 /root/.openclaw/workspace/logs/heartbeat-simple.log
-rw-r--r-- 1 root root 372K Feb 22 04:00 /root/.openclaw/workspace/logs/monitor.log
-rw-r--r-- 1 root root  15K Feb 22 04:00 /root/.openclaw/workspace/logs/optimizer.log
-rw-r--r-- 1 root root    0 Feb 17 15:00 /root/.openclaw/workspace/logs/task-queue.log
-rw-r--r-- 1 root root  26K Feb 22 04:00 /root/.openclaw/workspace/logs/xiaohongshu-keepalive.log
[0;32m[2026-02-22 04:00:08][0m ✅ 备份管理完成（保留30天）

[0;32m[2026-02-22 04:00:08][0m 🔍 系统健康检查...
[0;32m[2026-02-22 04:00:08][0m ✅ 磁盘使用率: 29%
[0;32m[2026-02-22 04:00:08][0m ✅ 内存使用率: 32%
[0;32m[2026-02-22 04:00:08][0m ✅ 系统负载: 0.44
[0;32m[2026-02-22 04:00:08][0m ✅ OpenClaw 运行中

[0;32m[2026-02-22 04:00:08][0m 🔄 检查更新...
[0;32m[2026-02-22 04:00:08][0m Node.js版本: 
[0;32m[2026-02-22 04:00:08][0m Python版本: Python 3.11.6
[0;32m[2026-02-22 04:00:08][0m ✅ 更新检查完成

╔════════════════════════════════════╗
║   ✅ 系统优化完成！               ║
╚════════════════════════════════════╝
╔════════════════════════════════════╗
║   OpenClaw 系统优化器 v1.0        ║
╚════════════════════════════════════╝

[0;32m[2026-02-23 04:00:01][0m 📊 系统状态报告

━━━━━━━━━━━━━━━━━━━━━━━━━━━━━━━━━
🖥️  系统信息
━━━━━━━━━━━━━━━━━━━━━━━━━━━━━━━━━
 04:00:01 up 5 days, 18:42,  4 users,  load average: 0.90, 1.64, 1.56

💾 内存使用
Mem:           7.5Gi       4.5Gi       545Mi       3.5Mi       2.8Gi       3.0Gi
Swap:          8.0Gi       8.0Mi       8.0Gi

📦 磁盘使用
Filesystem      Size  Used Avail Use% Mounted on
/dev/vda1       120G   36G   85G  30% /

🌐 网络状态
━━━━━━━━━━━━━━━━━━━━━━━━━━━━━━━━━

[0;32m[2026-02-23 04:00:01][0m 🚀 优化系统性能...
[1;33m[WARNING][0m 无法修改swappiness
[0;32m[2026-02-23 04:00:03][0m ✅ 性能优化完成

[0;32m[2026-02-23 04:00:03][0m 📋 清理旧日志...
Total reclaimed space: 0B
[0;32m[2026-02-23 04:00:03][0m ✅ 日志清理完成（保留7天）

[0;32m[2026-02-23 04:00:03][0m 💾 清理旧备份...
-rw-r--r-- 1 root root 912K Feb 23 04:00 /root/.openclaw/workspace/logs/heartbeat-simple.log
-rw-r--r-- 1 root root 432K Feb 23 04:00 /root/.openclaw/workspace/logs/monitor.log
-rw-r--r-- 1 root root  18K Feb 23 04:00 /root/.openclaw/workspace/logs/optimizer.log
-rw-r--r-- 1 root root    0 Feb 17 15:00 /root/.openclaw/workspace/logs/task-queue.log
-rw-r--r-- 1 root root  33K Feb 23 04:00 /root/.openclaw/workspace/logs/xiaohongshu-keepalive.log
[0;32m[2026-02-23 04:00:09][0m ✅ 备份管理完成（保留30天）

[0;32m[2026-02-23 04:00:09][0m 🔍 系统健康检查...
[0;32m[2026-02-23 04:00:09][0m ✅ 磁盘使用率: 30%
[0;32m[2026-02-23 04:00:09][0m ✅ 内存使用率: 59%
[0;32m[2026-02-23 04:00:09][0m ✅ 系统负载: 1.57
[0;32m[2026-02-23 04:00:09][0m ✅ OpenClaw 运行中

[0;32m[2026-02-23 04:00:09][0m 🔄 检查更新...
[0;32m[2026-02-23 04:00:09][0m Node.js版本: 
[0;32m[2026-02-23 04:00:09][0m Python版本: Python 3.11.6
[0;32m[2026-02-23 04:00:09][0m ✅ 更新检查完成

╔════════════════════════════════════╗
║   ✅ 系统优化完成！               ║
╚════════════════════════════════════╝
╔════════════════════════════════════╗
║   OpenClaw 系统优化器 v1.0        ║
╚════════════════════════════════════╝

[0;32m[2026-02-24 04:00:01][0m 📊 系统状态报告

━━━━━━━━━━━━━━━━━━━━━━━━━━━━━━━━━
🖥️  系统信息
━━━━━━━━━━━━━━━━━━━━━━━━━━━━━━━━━
 04:00:01 up  5:16,  8 users,  load average: 0.21, 0.21, 0.21

💾 内存使用
Mem:           7.5Gi       1.7Gi       2.2Gi        11Mi       3.9Gi       5.8Gi
Swap:          8.0Gi          0B       8.0Gi

📦 磁盘使用
Filesystem      Size  Used Avail Use% Mounted on
/dev/vda1       120G   37G   84G  31% /

🌐 网络状态
━━━━━━━━━━━━━━━━━━━━━━━━━━━━━━━━━

[0;32m[2026-02-24 04:00:01][0m 🚀 优化系统性能...
[1;33m[WARNING][0m 无法修改swappiness
[0;32m[2026-02-24 04:00:02][0m ✅ 性能优化完成

[0;32m[2026-02-24 04:00:02][0m 📋 清理旧日志...
Deleted Containers:
31ae0f869c1c9a1d5e64fd1776954393707f0db945c98454827428c5048334e5

Total reclaimed space: 0B
[0;32m[2026-02-24 04:00:03][0m ✅ 日志清理完成（保留7天）

[0;32m[2026-02-24 04:00:03][0m 💾 清理旧备份...
-rw-r--r-- 1 root root  713 Feb 23 12:34 /root/.openclaw/workspace/logs/image-host.log
-rw-r--r-- 1 root root 492K Feb 24 04:00 /root/.openclaw/workspace/logs/monitor.log
-rw-r--r-- 1 root root  20K Feb 24 04:00 /root/.openclaw/workspace/logs/optimizer.log
-rw-r--r-- 1 root root    0 Feb 17 15:00 /root/.openclaw/workspace/logs/task-queue.log
-rw-r--r-- 1 root root  43K Feb 24 04:00 /root/.openclaw/workspace/logs/xiaohongshu-keepalive.log
[0;32m[2026-02-24 04:00:06][0m ✅ 备份管理完成（保留30天）

[0;32m[2026-02-24 04:00:06][0m 🔍 系统健康检查...
[0;32m[2026-02-24 04:00:06][0m ✅ 磁盘使用率: 31%
[0;32m[2026-02-24 04:00:06][0m ✅ 内存使用率: 17%
[0;32m[2026-02-24 04:00:06][0m ✅ 系统负载: 0.22
[0;32m[2026-02-24 04:00:06][0m ✅ OpenClaw 运行中

[0;32m[2026-02-24 04:00:06][0m 🔄 检查更新...
[0;32m[2026-02-24 04:00:06][0m Node.js版本: 
[0;32m[2026-02-24 04:00:06][0m Python版本: Python 3.11.6
[0;32m[2026-02-24 04:00:06][0m ✅ 更新检查完成

╔════════════════════════════════════╗
║   ✅ 系统优化完成！               ║
╚════════════════════════════════════╝
╔════════════════════════════════════╗
║   OpenClaw 系统优化器 v1.0        ║
╚════════════════════════════════════╝

[0;32m[2026-02-25 04:00:01][0m 📊 系统状态报告

━━━━━━━━━━━━━━━━━━━━━━━━━━━━━━━━━
🖥️  系统信息
━━━━━━━━━━━━━━━━━━━━━━━━━━━━━━━━━
 04:00:01 up 1 day,  5:16, 10 users,  load average: 0.00, 0.00, 0.00

💾 内存使用
Mem:           7.5Gi       1.5Gi       233Mi       3.3Mi       6.1Gi       6.0Gi
Swap:          8.0Gi        11Mi       8.0Gi

📦 磁盘使用
Filesystem      Size  Used Avail Use% Mounted on
/dev/vda1       120G   43G   78G  36% /

🌐 网络状态
━━━━━━━━━━━━━━━━━━━━━━━━━━━━━━━━━

[0;32m[2026-02-25 04:00:01][0m 🚀 优化系统性能...
[1;33m[WARNING][0m 无法修改swappiness
[0;32m[2026-02-25 04:00:03][0m ✅ 性能优化完成

[0;32m[2026-02-25 04:00:03][0m 📋 清理旧日志...
Total reclaimed space: 0B
[0;32m[2026-02-25 04:00:03][0m ✅ 日志清理完成（保留7天）

[0;32m[2026-02-25 04:00:03][0m 💾 清理旧备份...
-rw-r--r-- 1 root root  713 Feb 23 12:34 /root/.openclaw/workspace/logs/image-host.log
-rw-r--r-- 1 root root 552K Feb 25 04:00 /root/.openclaw/workspace/logs/monitor.log
-rw-r--r-- 1 root root  23K Feb 25 04:00 /root/.openclaw/workspace/logs/optimizer.log
-rw-r--r-- 1 root root    0 Feb 17 15:00 /root/.openclaw/workspace/logs/task-queue.log
-rw-r--r-- 1 root root  52K Feb 25 04:00 /root/.openclaw/workspace/logs/xiaohongshu-keepalive.log
[0;32m[2026-02-25 04:00:07][0m ✅ 备份管理完成（保留30天）

[0;32m[2026-02-25 04:00:07][0m 🔍 系统健康检查...
[0;32m[2026-02-25 04:00:07][0m ✅ 磁盘使用率: 36%
[0;32m[2026-02-25 04:00:07][0m ✅ 内存使用率: 17%
[0;32m[2026-02-25 04:00:07][0m ✅ 系统负载: 0.01
[0;32m[2026-02-25 04:00:07][0m ✅ OpenClaw 运行中

[0;32m[2026-02-25 04:00:07][0m 🔄 检查更新...
[0;32m[2026-02-25 04:00:07][0m Node.js版本: 18.20.8
[0;32m[2026-02-25 04:00:07][0m Python版本: Python 3.11.6
[0;32m[2026-02-25 04:00:07][0m ✅ 更新检查完成

╔════════════════════════════════════╗
║   ✅ 系统优化完成！               ║
╚════════════════════════════════════╝
