2026-02-17 21:36:16 - 检查登录状态...
2026-02-17 21:36:21 - 登录状态正常
2026-02-17 21:36:21 - Cookie 已备份
2026-02-17 22:00:01 - 检查登录状态...
2026-02-17 22:00:06 - 登录状态正常
2026-02-17 22:00:06 - Cookie 已备份
2026-02-17 22:30:01 - 检查登录状态...
2026-02-17 22:30:06 - 登录状态正常
2026-02-17 22:30:06 - Cookie 已备份
2026-02-17 23:00:01 - 检查登录状态...
2026-02-17 23:00:06 - 登录状态正常
2026-02-17 23:00:06 - Cookie 已备份
2026-02-17 23:30:02 - 检查登录状态...
2026-02-17 23:30:06 - 登录状态正常
2026-02-17 23:30:06 - Cookie 已备份
2026-02-18 00:00:02 - 检查登录状态...
2026-02-18 00:00:07 - 登录状态正常
2026-02-18 00:00:07 - Cookie 已备份
2026-02-18 00:30:01 - 检查登录状态...
2026-02-18 00:30:06 - 登录状态正常
2026-02-18 00:30:06 - Cookie 已备份
2026-02-18 01:00:01 - 检查登录状态...
2026-02-18 01:00:07 - 登录状态正常
2026-02-18 01:00:07 - Cookie 已备份
2026-02-18 01:30:01 - 检查登录状态...
2026-02-18 01:30:06 - 登录状态正常
2026-02-18 01:30:06 - Cookie 已备份
2026-02-18 02:00:01 - 检查登录状态...
2026-02-18 02:00:06 - 登录状态正常
2026-02-18 02:00:06 - Cookie 已备份
2026-02-18 02:30:01 - 检查登录状态...
2026-02-18 02:30:06 - 登录状态正常
2026-02-18 02:30:06 - Cookie 已备份
2026-02-18 03:00:02 - 检查登录状态...
2026-02-18 03:00:07 - 登录状态正常
2026-02-18 03:00:07 - Cookie 已备份
2026-02-18 03:30:01 - 检查登录状态...
2026-02-18 03:30:05 - 登录状态正常
2026-02-18 03:30:05 - Cookie 已备份
2026-02-18 04:00:01 - 检查登录状态...
2026-02-18 04:00:07 - 登录状态正常
2026-02-18 04:00:07 - Cookie 已备份
2026-02-18 04:30:01 - 检查登录状态...
2026-02-18 04:30:06 - 登录状态正常
2026-02-18 04:30:06 - Cookie 已备份
2026-02-18 05:00:01 - 检查登录状态...
2026-02-18 05:00:06 - 登录状态正常
2026-02-18 05:00:06 - Cookie 已备份
2026-02-18 05:30:01 - 检查登录状态...
2026-02-18 05:30:06 - 登录状态正常
2026-02-18 05:30:06 - Cookie 已备份
2026-02-18 06:00:01 - 检查登录状态...
2026-02-18 06:00:06 - 登录状态正常
2026-02-18 06:00:06 - Cookie 已备份
2026-02-18 06:30:01 - 检查登录状态...
2026-02-18 06:30:06 - 登录状态正常
2026-02-18 06:30:06 - Cookie 已备份
2026-02-18 07:00:01 - 检查登录状态...
2026-02-18 07:00:06 - 登录状态正常
2026-02-18 07:00:06 - Cookie 已备份
2026-02-18 07:30:01 - 检查登录状态...
2026-02-18 07:30:06 - 登录状态正常
2026-02-18 07:30:06 - Cookie 已备份
2026-02-18 08:00:01 - 检查登录状态...
2026-02-18 08:00:06 - 登录状态正常
2026-02-18 08:00:06 - Cookie 已备份
2026-02-18 08:30:01 - 检查登录状态...
2026-02-18 08:30:06 - 登录状态正常
2026-02-18 08:30:06 - Cookie 已备份
2026-02-18 09:00:01 - 检查登录状态...
2026-02-18 09:00:07 - 登录状态正常
2026-02-18 09:00:07 - Cookie 已备份
2026-02-18 09:30:01 - 检查登录状态...
2026-02-18 09:30:06 - 登录状态正常
2026-02-18 09:30:06 - Cookie 已备份
2026-02-18 10:00:02 - 检查登录状态...
2026-02-18 10:00:06 - 登录状态正常
2026-02-18 10:00:06 - Cookie 已备份
2026-02-18 10:30:01 - 检查登录状态...
2026-02-18 10:30:06 - 登录状态正常
2026-02-18 10:30:06 - Cookie 已备份
2026-02-18 11:00:01 - 检查登录状态...
2026-02-18 11:00:06 - 登录状态正常
2026-02-18 11:00:06 - Cookie 已备份
2026-02-18 11:30:01 - 检查登录状态...
2026-02-18 11:30:06 - 登录状态正常
2026-02-18 11:30:06 - Cookie 已备份
2026-02-18 12:00:01 - 检查登录状态...
2026-02-18 12:00:06 - 登录状态正常
2026-02-18 12:00:06 - Cookie 已备份
2026-02-18 12:30:01 - 检查登录状态...
2026-02-18 12:30:06 - 登录状态正常
2026-02-18 12:30:06 - Cookie 已备份
2026-02-18 13:00:01 - 检查登录状态...
2026-02-18 13:00:05 - 登录状态正常
2026-02-18 13:00:05 - Cookie 已备份
2026-02-18 13:30:01 - 检查登录状态...
2026-02-18 13:30:06 - 登录状态正常
2026-02-18 13:30:06 - Cookie 已备份
2026-02-18 14:00:01 - 检查登录状态...
2026-02-18 14:00:10 - 警告：登录状态异常
{"error":"服务器内部错误","code":"INTERNAL_ERROR","details":{"Reason":"net::ERR_EMPTY_RESPONSE"}}
2026-02-18 14:30:01 - 检查登录状态...
2026-02-18 14:30:06 - 登录状态正常
2026-02-18 14:30:06 - Cookie 已备份
2026-02-18 15:00:02 - 检查登录状态...
2026-02-18 15:00:07 - 登录状态正常
2026-02-18 15:00:07 - Cookie 已备份
2026-02-18 15:30:01 - 检查登录状态...
2026-02-18 15:30:05 - 登录状态正常
2026-02-18 15:30:05 - Cookie 已备份
2026-02-18 16:00:01 - 检查登录状态...
2026-02-18 16:00:07 - 登录状态正常
2026-02-18 16:00:07 - Cookie 已备份
2026-02-18 16:30:01 - 检查登录状态...
2026-02-18 16:30:06 - 登录状态正常
2026-02-18 16:30:06 - Cookie 已备份
2026-02-18 17:00:01 - 检查登录状态...
2026-02-18 17:00:06 - 登录状态正常
2026-02-18 17:00:06 - Cookie 已备份
2026-02-18 17:30:01 - 检查登录状态...
2026-02-18 17:30:06 - 登录状态正常
2026-02-18 17:30:06 - Cookie 已备份
2026-02-18 18:00:02 - 检查登录状态...
2026-02-18 18:00:07 - 登录状态正常
2026-02-18 18:00:07 - Cookie 已备份
2026-02-18 18:30:01 - 检查登录状态...
2026-02-18 18:30:06 - 登录状态正常
2026-02-18 18:30:06 - Cookie 已备份
2026-02-18 19:00:01 - 检查登录状态...
2026-02-18 19:00:06 - 登录状态正常
2026-02-18 19:00:06 - Cookie 已备份
2026-02-18 19:30:01 - 检查登录状态...
2026-02-18 19:30:05 - 登录状态正常
2026-02-18 19:30:05 - Cookie 已备份
2026-02-18 20:00:01 - 检查登录状态...
2026-02-18 20:00:06 - 登录状态正常
2026-02-18 20:00:06 - Cookie 已备份
2026-02-18 20:30:01 - 检查登录状态...
2026-02-18 20:30:06 - 登录状态正常
2026-02-18 20:30:06 - Cookie 已备份
2026-02-18 21:00:01 - 检查登录状态...
2026-02-18 21:00:06 - 登录状态正常
2026-02-18 21:00:06 - Cookie 已备份
2026-02-18 21:30:01 - 检查登录状态...
2026-02-18 21:30:05 - 登录状态正常
2026-02-18 21:30:05 - Cookie 已备份
2026-02-18 22:00:01 - 检查登录状态...
2026-02-18 22:00:06 - 登录状态正常
2026-02-18 22:00:06 - Cookie 已备份
2026-02-18 22:30:01 - 检查登录状态...
2026-02-18 22:30:06 - 登录状态正常
2026-02-18 22:30:06 - Cookie 已备份
2026-02-18 23:00:01 - 检查登录状态...
2026-02-18 23:00:06 - 登录状态正常
2026-02-18 23:00:06 - Cookie 已备份
2026-02-18 23:30:01 - 检查登录状态...
2026-02-18 23:30:06 - 登录状态正常
2026-02-18 23:30:06 - Cookie 已备份
2026-02-19 00:00:02 - 检查登录状态...
